TN:
SF:src/guardrails/layers/format.ts
FN:17,(anonymous_0)
FN:21,(anonymous_1)
FN:72,(anonymous_2)
FN:81,(anonymous_3)
FNF:4
FNH:4
FNDA:1,(anonymous_0)
FNDA:9,(anonymous_1)
FNDA:5,(anonymous_2)
FNDA:5,(anonymous_3)
DA:13,1
DA:14,1
DA:18,1
DA:22,9
DA:23,9
DA:26,9
DA:27,3
DA:37,6
DA:38,1
DA:48,5
DA:49,0
DA:58,5
DA:59,5
DA:61,0
DA:64,5
DA:73,5
DA:75,5
DA:77,0
DA:83,5
LF:19
LH:16
BRDA:26,0,0,3
BRDA:26,0,1,6
BRDA:37,1,0,1
BRDA:37,1,1,5
BRDA:48,2,0,0
BRDA:48,2,1,5
BRDA:59,3,0,0
BRDA:59,3,1,5
BRF:8
BRH:6
end_of_record
TN:
SF:src/guardrails/layers/injection/encoding.js
FN:11,detectEncoding
FN:83,normalizeMessage
FN:88,(anonymous_2)
FN:95,(anonymous_3)
FN:102,(anonymous_4)
FN:120,tryDecodeBase64
FN:135,tryDecodeHex
FN:139,(anonymous_7)
FN:147,tryDecodeUnicode
FN:149,(anonymous_9)
FN:161,isSuspiciousText
FN:169,(anonymous_11)
FNF:12
FNH:5
FNDA:34,detectEncoding
FNDA:32,normalizeMessage
FNDA:0,(anonymous_2)
FNDA:0,(anonymous_3)
FNDA:0,(anonymous_4)
FNDA:1,tryDecodeBase64
FNDA:0,tryDecodeHex
FNDA:0,(anonymous_7)
FNDA:0,tryDecodeUnicode
FNDA:0,(anonymous_9)
FNDA:1,isSuspiciousText
FNDA:1,(anonymous_11)
DA:12,34
DA:15,34
DA:16,34
DA:17,1
DA:18,1
DA:19,1
DA:29,34
DA:30,34
DA:31,0
DA:32,0
DA:33,0
DA:43,34
DA:44,34
DA:45,0
DA:46,0
DA:47,0
DA:57,34
DA:58,0
DA:67,34
DA:68,1
DA:76,34
DA:84,32
DA:87,32
DA:88,32
DA:89,0
DA:90,0
DA:94,32
DA:95,32
DA:96,0
DA:97,0
DA:101,32
DA:102,32
DA:103,0
DA:104,0
DA:108,32
DA:111,32
DA:113,32
DA:121,1
DA:123,1
DA:124,1
DA:126,1
DA:127,1
DA:129,0
DA:131,0
DA:136,0
DA:137,0
DA:138,0
DA:139,0
DA:140,0
DA:141,0
DA:143,0
DA:148,0
DA:149,0
DA:150,0
DA:152,0
DA:154,0
DA:162,1
DA:163,1
DA:169,1
LF:59
LH:32
BRDA:16,0,0,1
BRDA:16,0,1,33
BRDA:18,1,0,1
BRDA:18,1,1,0
BRDA:30,2,0,0
BRDA:30,2,1,34
BRDA:32,3,0,0
BRDA:32,3,1,0
BRDA:44,4,0,0
BRDA:44,4,1,34
BRDA:46,5,0,0
BRDA:46,5,1,0
BRDA:57,6,0,0
BRDA:57,6,1,34
BRDA:67,7,0,1
BRDA:67,7,1,33
BRDA:90,8,0,0
BRDA:90,8,1,0
BRDA:97,9,0,0
BRDA:97,9,1,0
BRDA:104,10,0,0
BRDA:104,10,1,0
BRDA:123,11,0,0
BRDA:123,11,1,1
BRDA:123,12,0,1
BRDA:123,12,1,1
BRDA:126,13,0,1
BRDA:126,13,1,0
BRDA:126,14,0,1
BRDA:126,14,1,1
BRDA:138,15,0,0
BRDA:138,15,1,0
BRDA:138,16,0,0
BRDA:138,16,1,0
BRDA:141,17,0,0
BRDA:141,17,1,0
BRDA:152,18,0,0
BRDA:152,18,1,0
BRF:38
BRH:14
end_of_record
TN:
SF:src/guardrails/layers/injection/index.js
FN:24,(anonymous_0)
FN:34,(anonymous_1)
FN:54,(anonymous_2)
FN:55,(anonymous_3)
FN:125,(anonymous_4)
FN:157,(anonymous_5)
FN:167,(anonymous_6)
FN:207,(anonymous_7)
FN:225,(anonymous_8)
FN:237,(anonymous_9)
FNF:10
FNH:9
FNDA:2,(anonymous_0)
FNDA:36,(anonymous_1)
FNDA:2,(anonymous_2)
FNDA:2,(anonymous_3)
FNDA:33,(anonymous_4)
FNDA:9,(anonymous_5)
FNDA:108,(anonymous_6)
FNDA:28,(anonymous_7)
FNDA:16,(anonymous_8)
FNDA:0,(anonymous_9)
DA:17,1
DA:25,2
DA:26,2
DA:35,36
DA:36,36
DA:37,36
DA:38,36
DA:45,36
DA:46,2
DA:53,34
DA:54,34
DA:55,2
DA:58,2
DA:59,2
DA:60,1
DA:61,1
DA:62,1
DA:71,1
DA:78,32
DA:81,32
DA:82,32
DA:83,0
DA:89,32
DA:90,32
DA:92,32
DA:93,23
DA:98,9
DA:103,9
DA:104,9
DA:105,1
DA:110,8
DA:115,8
DA:126,33
DA:127,1581
DA:128,24
DA:131,24
DA:132,0
DA:139,24
DA:140,24
DA:142,24
DA:151,9
DA:158,9
DA:159,9
DA:162,9
DA:167,108
DA:168,9
DA:169,1
DA:173,9
DA:174,9
DA:175,1
DA:179,9
DA:180,9
DA:181,0
DA:185,9
DA:186,9
DA:187,0
DA:191,9
DA:192,9
DA:193,0
DA:196,9
DA:197,9
DA:208,28
DA:209,28
DA:211,28
DA:212,0
DA:215,28
DA:226,16
DA:227,16
DA:228,14
DA:229,14
DA:230,12
DA:231,11
DA:238,0
DA:243,1
LF:74
LH:67
BRDA:24,0,0,1
BRDA:25,1,0,2
BRDA:25,1,1,1
BRDA:26,2,0,2
BRDA:26,2,1,1
BRDA:45,3,0,2
BRDA:45,3,1,34
BRDA:54,4,0,2
BRDA:54,4,1,32
BRDA:59,5,0,1
BRDA:59,5,1,1
BRDA:61,6,0,1
BRDA:61,6,1,0
BRDA:82,7,0,0
BRDA:82,7,1,32
BRDA:89,8,0,32
BRDA:89,8,1,0
BRDA:92,9,0,23
BRDA:92,9,1,9
BRDA:104,10,0,1
BRDA:104,10,1,8
BRDA:118,11,0,0
BRDA:118,11,1,8
BRDA:127,12,0,24
BRDA:127,12,1,1557
BRDA:128,13,0,24
BRDA:128,13,1,16
BRDA:131,14,0,0
BRDA:131,14,1,24
BRDA:140,15,0,24
BRDA:140,15,1,10
BRDA:168,16,0,1
BRDA:168,16,1,8
BRDA:174,17,0,1
BRDA:174,17,1,8
BRDA:180,18,0,0
BRDA:180,18,1,9
BRDA:186,19,0,0
BRDA:186,19,1,9
BRDA:186,20,0,9
BRDA:186,20,1,0
BRDA:186,20,2,0
BRDA:192,21,0,0
BRDA:192,21,1,9
BRDA:199,22,0,1
BRDA:199,22,1,8
BRDA:200,23,0,1
BRDA:200,23,1,8
BRDA:207,24,0,0
BRDA:209,25,0,28
BRDA:209,25,1,4
BRDA:211,26,0,0
BRDA:211,26,1,28
BRDA:227,27,0,2
BRDA:227,27,1,14
BRDA:228,28,0,0
BRDA:228,28,1,14
BRDA:229,29,0,2
BRDA:229,29,1,12
BRDA:230,30,0,1
BRDA:230,30,1,11
BRDA:230,31,0,12
BRDA:230,31,1,12
BRF:63
BRH:50
end_of_record
TN:
SF:src/guardrails/layers/injection/patterns.js
FNF:0
FNH:0
DA:9,1
DA:24,1
DA:37,1
DA:55,1
DA:82,1
DA:99,1
DA:131,1
DA:154,1
DA:177,1
DA:186,1
DA:198,1
LF:11
LH:11
BRF:0
BRH:0
end_of_record
TN:
SF:src/reports/alert-detector.js
FN:7,(anonymous_0)
FN:16,(anonymous_1)
FN:44,(anonymous_2)
FN:56,(anonymous_3)
FN:75,(anonymous_4)
FN:89,(anonymous_5)
FN:107,(anonymous_6)
FN:123,(anonymous_7)
FN:151,(anonymous_8)
FN:167,(anonymous_9)
FN:178,(anonymous_10)
FNF:11
FNH:6
FNDA:11,(anonymous_0)
FNDA:17,(anonymous_1)
FNDA:18,(anonymous_2)
FNDA:0,(anonymous_3)
FNDA:3,(anonymous_4)
FNDA:0,(anonymous_5)
FNDA:0,(anonymous_6)
FNDA:0,(anonymous_7)
FNDA:1,(anonymous_8)
FNDA:1,(anonymous_9)
FNDA:0,(anonymous_10)
DA:8,11
DA:9,11
DA:10,11
DA:17,17
DA:19,17
DA:25,17
DA:26,17
DA:32,17
DA:34,17
DA:45,18
DA:46,18
DA:47,0
DA:48,0
DA:49,0
DA:57,0
DA:59,0
DA:61,0
DA:62,0
DA:65,0
DA:76,3
DA:78,3
DA:79,1
DA:82,2
DA:83,2
DA:90,0
DA:91,0
DA:93,0
DA:94,0
DA:95,0
DA:98,0
DA:108,0
DA:109,0
DA:111,0
DA:112,0
DA:113,0
DA:116,0
DA:117,0
DA:124,0
DA:125,0
DA:128,0
DA:129,0
DA:130,0
DA:134,0
DA:135,0
DA:138,0
DA:152,1
DA:154,1
DA:156,1
DA:168,1
DA:169,1
DA:170,1
DA:171,1
DA:179,0
DA:180,0
DA:181,0
DA:185,1
LF:56
LH:24
BRDA:19,0,0,17
BRDA:19,0,1,7
BRDA:46,1,0,0
BRDA:46,1,1,18
BRDA:46,2,0,18
BRDA:46,2,1,11
BRDA:61,3,0,0
BRDA:61,3,1,0
BRDA:61,4,0,0
BRDA:61,4,1,0
BRDA:62,5,0,0
BRDA:62,5,1,0
BRDA:78,6,0,1
BRDA:78,6,1,2
BRDA:93,7,0,0
BRDA:93,7,1,0
BRDA:93,8,0,0
BRDA:93,8,1,0
BRDA:109,9,0,0
BRDA:109,9,1,0
BRDA:111,10,0,0
BRDA:111,10,1,0
BRDA:124,11,0,0
BRDA:124,11,1,0
BRDA:129,12,0,0
BRDA:129,12,1,0
BRDA:158,13,0,1
BRDA:158,13,1,0
BRDA:159,14,0,1
BRDA:159,14,1,0
BRDA:160,15,0,1
BRDA:160,15,1,0
BRDA:169,16,0,1
BRDA:169,16,1,0
BRF:34
BRH:11
end_of_record
TN:
SF:src/reports/generator.js
FN:24,(anonymous_0)
FN:39,(anonymous_1)
FN:40,(anonymous_2)
FN:42,(anonymous_3)
FN:56,(anonymous_4)
FN:76,(anonymous_5)
FN:103,(anonymous_6)
FN:105,(anonymous_7)
FN:117,(anonymous_8)
FN:139,(anonymous_9)
FN:195,(anonymous_10)
FNF:11
FNH:5
FNDA:0,(anonymous_0)
FNDA:0,(anonymous_1)
FNDA:0,(anonymous_2)
FNDA:0,(anonymous_3)
FNDA:10,(anonymous_4)
FNDA:4,(anonymous_5)
FNDA:7,(anonymous_6)
FNDA:6,(anonymous_7)
FNDA:4,(anonymous_8)
FNDA:0,(anonymous_9)
FNDA:0,(anonymous_10)
DA:8,1
DA:11,1
DA:25,0
DA:39,0
DA:40,0
DA:41,0
DA:42,0
DA:44,0
DA:57,10
DA:59,8
DA:60,8
DA:61,8
DA:62,8
DA:64,8
DA:65,3
DA:67,5
DA:68,4
DA:70,1
DA:77,4
DA:78,1
DA:81,3
DA:82,3
DA:84,3
DA:85,13
DA:86,13
DA:88,13
DA:89,24
DA:90,158
DA:91,13
DA:92,13
DA:93,13
DA:94,13
DA:97,24
DA:102,3
DA:103,7
DA:105,6
DA:111,3
DA:118,4
DA:119,2
DA:125,2
DA:126,2
DA:130,2
DA:140,0
DA:145,0
DA:146,0
DA:147,0
DA:148,0
DA:150,0
DA:152,0
DA:153,0
DA:154,0
DA:162,0
DA:163,0
DA:164,0
DA:166,0
DA:177,0
DA:186,0
DA:195,0
DA:205,1
LF:59
LH:37
BRDA:42,0,0,0
BRDA:42,0,1,0
BRDA:47,1,0,0
BRDA:47,1,1,0
BRDA:57,2,0,2
BRDA:57,2,1,8
BRDA:57,3,0,10
BRDA:57,3,1,8
BRDA:64,4,0,3
BRDA:64,4,1,5
BRDA:65,5,0,2
BRDA:65,5,1,1
BRDA:67,6,0,4
BRDA:67,6,1,1
BRDA:68,7,0,2
BRDA:68,7,1,2
BRDA:77,8,0,1
BRDA:77,8,1,3
BRDA:77,9,0,4
BRDA:77,9,1,4
BRDA:85,10,0,13
BRDA:85,10,1,0
BRDA:90,11,0,13
BRDA:90,11,1,145
BRDA:91,12,0,13
BRDA:91,12,1,8
BRDA:97,13,0,13
BRDA:97,13,1,11
BRDA:108,14,0,6
BRDA:108,14,1,0
BRDA:118,15,0,2
BRDA:118,15,1,2
BRDA:118,16,0,4
BRDA:118,16,1,3
BRDA:121,17,0,1
BRDA:121,17,1,1
BRDA:126,18,0,0
BRDA:126,18,1,2
BRDA:127,19,0,0
BRDA:127,19,1,0
BRDA:131,20,0,1
BRDA:131,20,1,1
BRDA:132,21,0,0
BRDA:132,21,1,2
BRF:44
BRH:34
end_of_record
TN:
SF:src/reports/topics.js
FN:21,extractTopics
FN:48,(anonymous_1)
FN:50,(anonymous_2)
FNF:3
FNH:3
FNDA:7,extractTopics
FNDA:11,(anonymous_1)
FNDA:12,(anonymous_2)
DA:7,1
DA:22,7
DA:23,1
DA:26,6
DA:27,6
DA:29,6
DA:30,24
DA:31,24
DA:33,24
DA:34,53
DA:35,438
DA:36,22
DA:37,22
DA:38,22
DA:39,22
DA:42,53
DA:47,6
DA:48,11
DA:50,12
DA:58,6
LF:20
LH:20
BRDA:22,0,0,1
BRDA:22,0,1,6
BRDA:22,1,0,7
BRDA:22,1,1,7
BRDA:30,2,0,24
BRDA:30,2,1,0
BRDA:35,3,0,22
BRDA:35,3,1,416
BRDA:36,4,0,22
BRDA:36,4,1,14
BRDA:42,5,0,22
BRDA:42,5,1,31
BRDA:53,6,0,12
BRDA:53,6,1,0
BRF:14
BRH:12
end_of_record
TN:
SF:src/utils/logger.js
FN:6,(anonymous_0)
FN:11,(anonymous_1)
FN:14,(anonymous_2)
FN:17,(anonymous_3)
FNF:4
FNH:0
FNDA:0,(anonymous_0)
FNDA:0,(anonymous_1)
FNDA:0,(anonymous_2)
FNDA:0,(anonymous_3)
DA:5,1
DA:7,0
DA:8,0
DA:12,0
DA:15,0
DA:18,0
LF:6
LH:1
BRDA:7,0,0,0
BRDA:7,0,1,0
BRDA:8,1,0,0
BRDA:8,1,1,0
BRDA:12,2,0,0
BRDA:12,2,1,0
BRDA:15,3,0,0
BRDA:15,3,1,0
BRDA:18,4,0,0
BRDA:18,4,1,0
BRF:10
BRH:0
end_of_record
TN:
SF:src/web/public/history.js
FN:9,formatDate
FN:20,formatTime
FN:30,formatRelativeTime
FN:49,statusIcon
FN:59,truncateText
FN:67,buildQueryString
FN:80,debounce
FN:82,executedFunction
FN:83,(anonymous_8)
FN:95,groupByDate
FN:110,calculateStats
FN:122,(anonymous_11)
FN:123,(anonymous_12)
FN:124,(anonymous_13)
FN:138,exportToCSV
FN:140,(anonymous_15)
FNF:16
FNH:16
FNDA:7,formatDate
FNDA:4,formatTime
FNDA:3,formatRelativeTime
FNDA:4,statusIcon
FNDA:2,truncateText
FNDA:2,buildQueryString
FNDA:1,debounce
FNDA:3,executedFunction
FNDA:1,(anonymous_8)
FNDA:1,groupByDate
FNDA:2,calculateStats
FNDA:4,(anonymous_11)
FNDA:4,(anonymous_12)
FNDA:4,(anonymous_13)
FNDA:2,exportToCSV
FNDA:3,(anonymous_15)
DA:10,7
DA:11,7
DA:12,7
DA:13,7
DA:14,7
DA:21,4
DA:22,4
DA:23,4
DA:24,4
DA:31,3
DA:32,3
DA:33,3
DA:34,3
DA:35,3
DA:36,3
DA:38,3
DA:39,3
DA:40,2
DA:41,1
DA:42,0
DA:43,0
DA:50,4
DA:51,4
DA:52,2
DA:53,0
DA:60,2
DA:61,1
DA:68,2
DA:69,2
DA:70,7
DA:71,3
DA:74,2
DA:82,1
DA:83,3
DA:84,1
DA:85,1
DA:87,3
DA:88,3
DA:96,1
DA:97,1
DA:98,3
DA:99,3
DA:100,2
DA:102,3
DA:104,1
DA:111,2
DA:112,1
DA:121,1
DA:122,4
DA:123,4
DA:124,4
DA:126,1
DA:139,2
DA:140,2
DA:141,3
DA:142,3
DA:152,2
LF:57
LH:54
BRDA:38,0,0,0
BRDA:38,0,1,3
BRDA:39,1,0,1
BRDA:39,1,1,2
BRDA:39,2,0,1
BRDA:39,2,1,0
BRDA:40,3,0,1
BRDA:40,3,1,1
BRDA:40,4,0,1
BRDA:40,4,1,0
BRDA:41,5,0,1
BRDA:41,5,1,0
BRDA:42,6,0,0
BRDA:42,6,1,0
BRDA:51,7,0,2
BRDA:51,7,1,2
BRDA:51,8,0,4
BRDA:51,8,1,3
BRDA:52,9,0,2
BRDA:52,9,1,0
BRDA:52,10,0,2
BRDA:52,10,1,1
BRDA:59,11,0,0
BRDA:60,12,0,1
BRDA:60,12,1,1
BRDA:60,13,0,2
BRDA:60,13,1,2
BRDA:60,14,0,1
BRDA:60,14,1,0
BRDA:70,15,0,3
BRDA:70,15,1,4
BRDA:70,16,0,7
BRDA:70,16,1,5
BRDA:70,16,2,4
BRDA:99,17,0,2
BRDA:99,17,1,1
BRDA:111,18,0,1
BRDA:111,18,1,1
BRDA:111,19,0,2
BRDA:111,19,1,2
BRDA:124,20,0,4
BRDA:124,20,1,1
BRDA:130,21,0,1
BRDA:130,21,1,0
BRDA:145,22,0,3
BRDA:145,22,1,0
BRDA:146,23,0,3
BRDA:146,23,1,1
BRDA:147,24,0,3
BRDA:147,24,1,0
BRDA:148,25,0,3
BRDA:148,25,1,2
BRF:52
BRH:40
end_of_record
